# JRE version: Java(TM) SE Runtime Environment (8.0_66-b17) (build 1.8.0_66-b17)
# Java VM: Java HotSpot(TM) Client VM (25.66-b17 mixed mode windows-x86 )
Heap:
 def new generation   total 39424K, used 13679K [0x05600000, 0x080c0000, 0x100a0000)
  eden space 35072K,  37% used [0x05600000, 0x062c7420, 0x07840000)
  from space 4352K,  13% used [0x07c80000, 0x07d149e8, 0x080c0000)
  to   space 4352K,   0% used [0x07840000, 0x07840000, 0x07c80000)
 tenured generation   total 87424K, used 29965K [0x100a0000, 0x15600000, 0x25600000)
   the space 87424K,  34% used [0x100a0000, 0x11de3410, 0x11de3600, 0x15600000)
 Metaspace       used 16308K, capacity 16717K, committed 16768K, reserved 16768K
GC Heap History (10 events):
Event: 3276.219 GC heap before
{Heap before GC invocations=15 (full 1):
 def new generation   total 39424K, used 36895K [0x05600000, 0x080c0000, 0x100a0000)
  eden space 35072K, 100% used [0x05600000, 0x07840000, 0x07840000)
  from space 4352K,  41% used [0x07840000, 0x07a07e70, 0x07c80000)
  to   space 4352K,   0% used [0x07c80000, 0x07c80000, 0x080c0000)
 tenured generation   total 87424K, used 29965K [0x100a0000, 0x15600000, 0x25600000)
   the space 87424K,  34% used [0x100a0000, 0x11de3410, 0x11de3600, 0x15600000)
 Metaspace       used 16297K, capacity 16717K, committed 16768K, reserved 16768K
Event: 3276.226 GC heap after
Heap after GC invocations=16 (full 1):
 def new generation   total 39424K, used 609K [0x05600000, 0x080c0000, 0x100a0000)
  eden space 35072K,   0% used [0x05600000, 0x05600000, 0x07840000)
  from space 4352K,  13% used [0x07c80000, 0x07d184e8, 0x080c0000)
  to   space 4352K,   0% used [0x07840000, 0x07840000, 0x07c80000)
 tenured generation   total 87424K, used 29965K [0x100a0000, 0x15600000, 0x25600000)
   the space 87424K,  34% used [0x100a0000, 0x11de3410, 0x11de3600, 0x15600000)
 Metaspace       used 16297K, capacity 16717K, committed 16768K, reserved 16768K
}
Event: 3572.569 GC heap before
{Heap before GC invocations=16 (full 1):
 def new generation   total 39424K, used 35681K [0x05600000, 0x080c0000, 0x100a0000)
  eden space 35072K, 100% used [0x05600000, 0x07840000, 0x07840000)
  from space 4352K,  13% used [0x07c80000, 0x07d184e8, 0x080c0000)
  to   space 4352K,   0% used [0x07840000, 0x07840000, 0x07c80000)
 tenured generation   total 87424K, used 29965K [0x100a0000, 0x15600000, 0x25600000)
   the space 87424K,  34% used [0x100a0000, 0x11de3410, 0x11de3600, 0x15600000)
 Metaspace       used 16297K, capacity 16717K, committed 16768K, reserved 16768K
Event: 3572.572 GC heap after
Heap after GC invocations=17 (full 1):
 def new generation   total 39424K, used 1797K [0x05600000, 0x080c0000, 0x100a0000)
  eden space 35072K,   0% used [0x05600000, 0x05600000, 0x07840000)
  from space 4352K,  41% used [0x07840000, 0x07a01670, 0x07c80000)
  to   space 4352K,   0% used [0x07c80000, 0x07c80000, 0x080c0000)
 tenured generation   total 87424K, used 29965K [0x100a0000, 0x15600000, 0x25600000)
   the space 87424K,  34% used [0x100a0000, 0x11de3410, 0x11de3600, 0x15600000)
 Metaspace       used 16297K, capacity 16717K, committed 16768K, reserved 16768K
}
Event: 3850.826 GC heap before
{Heap before GC invocations=17 (full 1):
 def new generation   total 39424K, used 36869K [0x05600000, 0x080c0000, 0x100a0000)
  eden space 35072K, 100% used [0x05600000, 0x07840000, 0x07840000)
  from space 4352K,  41% used [0x07840000, 0x07a01670, 0x07c80000)
  to   space 4352K,   0% used [0x07c80000, 0x07c80000, 0x080c0000)
 tenured generation   total 87424K, used 29965K [0x100a0000, 0x15600000, 0x25600000)
   the space 87424K,  34% used [0x100a0000, 0x11de3410, 0x11de3600, 0x15600000)
 Metaspace       used 16297K, capacity 16717K, committed 16768K, reserved 16768K
Event: 3850.833 GC heap after
Heap after GC invocations=18 (full 1):
 def new generation   total 39424K, used 1433K [0x05600000, 0x080c0000, 0x100a0000)
  eden space 35072K,   0% used [0x05600000, 0x05600000, 0x07840000)
  from space 4352K,  32% used [0x07c80000, 0x07de6470, 0x080c0000)
  to   space 4352K,   0% used [0x07840000, 0x07840000, 0x07c80000)
 tenured generation   total 87424K, used 29965K [0x100a0000, 0x15600000, 0x25600000)
   the space 87424K,  34% used [0x100a0000, 0x11de3410, 0x11de3600, 0x15600000)
 Metaspace       used 16297K, capacity 16717K, committed 16768K, reserved 16768K
}
Event: 4162.934 GC heap before
{Heap before GC invocations=18 (full 1):
 def new generation   total 39424K, used 36505K [0x05600000, 0x080c0000, 0x100a0000)
  eden space 35072K, 100% used [0x05600000, 0x07840000, 0x07840000)
  from space 4352K,  32% used [0x07c80000, 0x07de6470, 0x080c0000)
  to   space 4352K,   0% used [0x07840000, 0x07840000, 0x07c80000)
 tenured generation   total 87424K, used 29965K [0x100a0000, 0x15600000, 0x25600000)
   the space 87424K,  34% used [0x100a0000, 0x11de3410, 0x11de3600, 0x15600000)
 Metaspace       used 16297K, capacity 16717K, committed 16768K, reserved 16768K
Event: 4162.941 GC heap after
Heap after GC invocations=19 (full 1):
 def new generation   total 39424K, used 596K [0x05600000, 0x080c0000, 0x100a0000)
  eden space 35072K,   0% used [0x05600000, 0x05600000, 0x07840000)
  from space 4352K,  13% used [0x07840000, 0x078d5298, 0x07c80000)
  to   space 4352K,   0% used [0x07c80000, 0x07c80000, 0x080c0000)
 tenured generation   total 87424K, used 29965K [0x100a0000, 0x15600000, 0x25600000)
   the space 87424K,  34% used [0x100a0000, 0x11de3410, 0x11de3600, 0x15600000)
 Metaspace       used 16297K, capacity 16717K, committed 16768K, reserved 16768K
}
Event: 4472.098 GC heap before
{Heap before GC invocations=19 (full 1):
 def new generation   total 39424K, used 35668K [0x05600000, 0x080c0000, 0x100a0000)
  eden space 35072K, 100% used [0x05600000, 0x07840000, 0x07840000)
  from space 4352K,  13% used [0x07840000, 0x078d5298, 0x07c80000)
  to   space 4352K,   0% used [0x07c80000, 0x07c80000, 0x080c0000)
 tenured generation   total 87424K, used 29965K [0x100a0000, 0x15600000, 0x25600000)
   the space 87424K,  34% used [0x100a0000, 0x11de3410, 0x11de3600, 0x15600000)
 Metaspace       used 16297K, capacity 16717K, committed 16768K, reserved 16768K
Event: 4472.105 GC heap after
Heap after GC invocations=20 (full 1):
 def new generation   total 39424K, used 594K [0x05600000, 0x080c0000, 0x100a0000)
  eden space 35072K,   0% used [0x05600000, 0x05600000, 0x07840000)
  from space 4352K,  13% used [0x07c80000, 0x07d149e8, 0x080c0000)
  to   space 4352K,   0% used [0x07840000, 0x07840000, 0x07c80000)
 tenured generation   total 87424K, used 29965K [0x100a0000, 0x15600000, 0x25600000)
   the space 87424K,  34% used [0x100a0000, 0x11de3410, 0x11de3600, 0x15600000)
 Metaspace       used 16297K, capacity 16717K, committed 16768K, reserved 16768K
}

