# JRE version: Java(TM) SE Runtime Environment (8.0_66-b17) (build 1.8.0_66-b17)
# Java VM: Java HotSpot(TM) Client VM (25.66-b17 mixed mode windows-x86 )
Heap:
 def new generation   total 39424K, used 15464K [0x05000000, 0x07ac0000, 0x0faa0000)
  eden space 35072K,  38% used [0x05000000, 0x05d2e1a8, 0x07240000)
  from space 4352K,  45% used [0x07680000, 0x0786c228, 0x07ac0000)
  to   space 4352K,   0% used [0x07240000, 0x07240000, 0x07680000)
 tenured generation   total 87424K, used 27358K [0x0faa0000, 0x15000000, 0x25000000)
   the space 87424K,  31% used [0x0faa0000, 0x11557908, 0x11557a00, 0x15000000)
 Metaspace       used 15592K, capacity 16008K, committed 16128K, reserved 16768K
GC Heap History (10 events):
Event: 1.900 GC heap before
{Heap before GC invocations=1 (full 0):
 def new generation   total 39296K, used 39296K [0x05000000, 0x07aa0000, 0x0faa0000)
  eden space 34944K, 100% used [0x05000000, 0x07220000, 0x07220000)
  from space 4352K, 100% used [0x07660000, 0x07aa0000, 0x07aa0000)
  to   space 4352K,   0% used [0x07220000, 0x07220000, 0x07660000)
 tenured generation   total 87424K, used 2892K [0x0faa0000, 0x15000000, 0x25000000)
   the space 87424K,   3% used [0x0faa0000, 0x0fd732e8, 0x0fd73400, 0x15000000)
 Metaspace       used 11469K, capacity 11831K, committed 11904K, reserved 12672K
Event: 1.942 GC heap after
Heap after GC invocations=2 (full 0):
 def new generation   total 39296K, used 4352K [0x05000000, 0x07aa0000, 0x0faa0000)
  eden space 34944K,   0% used [0x05000000, 0x05000000, 0x07220000)
  from space 4352K, 100% used [0x07220000, 0x07660000, 0x07660000)
  to   space 4352K,   0% used [0x07660000, 0x07660000, 0x07aa0000)
 tenured generation   total 87424K, used 9839K [0x0faa0000, 0x15000000, 0x25000000)
   the space 87424K,  11% used [0x0faa0000, 0x1043bef8, 0x1043c000, 0x15000000)
 Metaspace       used 11469K, capacity 11831K, committed 11904K, reserved 12672K
}
Event: 2.660 GC heap before
{Heap before GC invocations=2 (full 0):
 def new generation   total 39296K, used 16428K [0x05000000, 0x07aa0000, 0x0faa0000)
  eden space 34944K,  34% used [0x05000000, 0x05bcb1c8, 0x07220000)
  from space 4352K, 100% used [0x07220000, 0x07660000, 0x07660000)
  to   space 4352K,   0% used [0x07660000, 0x07660000, 0x07aa0000)
 tenured generation   total 87424K, used 9839K [0x0faa0000, 0x15000000, 0x25000000)
   the space 87424K,  11% used [0x0faa0000, 0x1043bef8, 0x1043c000, 0x15000000)
 Metaspace       used 11913K, capacity 12280K, committed 12288K, reserved 12672K
Event: 2.685 GC heap after
Heap after GC invocations=3 (full 1):
 def new generation   total 39424K, used 0K [0x05000000, 0x07ac0000, 0x0faa0000)
  eden space 35072K,   0% used [0x05000000, 0x05000000, 0x07240000)
  from space 4352K,   0% used [0x07240000, 0x07240000, 0x07680000)
  to   space 4352K,   0% used [0x07680000, 0x07680000, 0x07ac0000)
 tenured generation   total 87424K, used 15830K [0x0faa0000, 0x15000000, 0x25000000)
   the space 87424K,  18% used [0x0faa0000, 0x10a15a98, 0x10a15c00, 0x15000000)
 Metaspace       used 11913K, capacity 12280K, committed 12288K, reserved 12672K
}
Event: 63.293 GC heap before
{Heap before GC invocations=3 (full 1):
 def new generation   total 39424K, used 35072K [0x05000000, 0x07ac0000, 0x0faa0000)
  eden space 35072K, 100% used [0x05000000, 0x07240000, 0x07240000)
  from space 4352K,   0% used [0x07240000, 0x07240000, 0x07680000)
  to   space 4352K,   0% used [0x07680000, 0x07680000, 0x07ac0000)
 tenured generation   total 87424K, used 15830K [0x0faa0000, 0x15000000, 0x25000000)
   the space 87424K,  18% used [0x0faa0000, 0x10a15a98, 0x10a15c00, 0x15000000)
 Metaspace       used 15148K, capacity 15579K, committed 15616K, reserved 15744K
Event: 63.320 GC heap after
Heap after GC invocations=4 (full 1):
 def new generation   total 39424K, used 4352K [0x05000000, 0x07ac0000, 0x0faa0000)
  eden space 35072K,   0% used [0x05000000, 0x05000000, 0x07240000)
  from space 4352K, 100% used [0x07680000, 0x07ac0000, 0x07ac0000)
  to   space 4352K,   0% used [0x07240000, 0x07240000, 0x07680000)
 tenured generation   total 87424K, used 23568K [0x0faa0000, 0x15000000, 0x25000000)
   the space 87424K,  26% used [0x0faa0000, 0x111a4360, 0x111a4400, 0x15000000)
 Metaspace       used 15148K, capacity 15579K, committed 15616K, reserved 15744K
}
Event: 343.037 GC heap before
{Heap before GC invocations=4 (full 1):
 def new generation   total 39424K, used 39424K [0x05000000, 0x07ac0000, 0x0faa0000)
  eden space 35072K, 100% used [0x05000000, 0x07240000, 0x07240000)
  from space 4352K, 100% used [0x07680000, 0x07ac0000, 0x07ac0000)
  to   space 4352K,   0% used [0x07240000, 0x07240000, 0x07680000)
 tenured generation   total 87424K, used 23568K [0x0faa0000, 0x15000000, 0x25000000)
   the space 87424K,  26% used [0x0faa0000, 0x111a4360, 0x111a4400, 0x15000000)
 Metaspace       used 15374K, capacity 15776K, committed 15872K, reserved 16768K
Event: 343.065 GC heap after
Heap after GC invocations=5 (full 1):
 def new generation   total 39424K, used 1402K [0x05000000, 0x07ac0000, 0x0faa0000)
  eden space 35072K,   0% used [0x05000000, 0x05000000, 0x07240000)
  from space 4352K,  32% used [0x07240000, 0x0739e908, 0x07680000)
  to   space 4352K,   0% used [0x07680000, 0x07680000, 0x07ac0000)
 tenured generation   total 87424K, used 27358K [0x0faa0000, 0x15000000, 0x25000000)
   the space 87424K,  31% used [0x0faa0000, 0x11557908, 0x11557a00, 0x15000000)
 Metaspace       used 15374K, capacity 15776K, committed 15872K, reserved 16768K
}
Event: 1561.609 GC heap before
{Heap before GC invocations=5 (full 1):
 def new generation   total 39424K, used 36474K [0x05000000, 0x07ac0000, 0x0faa0000)
  eden space 35072K, 100% used [0x05000000, 0x07240000, 0x07240000)
  from space 4352K,  32% used [0x07240000, 0x0739e908, 0x07680000)
  to   space 4352K,   0% used [0x07680000, 0x07680000, 0x07ac0000)
 tenured generation   total 87424K, used 27358K [0x0faa0000, 0x15000000, 0x25000000)
   the space 87424K,  31% used [0x0faa0000, 0x11557908, 0x11557a00, 0x15000000)
 Metaspace       used 15592K, capacity 16008K, committed 16128K, reserved 16768K
Event: 1561.613 GC heap after
Heap after GC invocations=6 (full 1):
 def new generation   total 39424K, used 1968K [0x05000000, 0x07ac0000, 0x0faa0000)
  eden space 35072K,   0% used [0x05000000, 0x05000000, 0x07240000)
  from space 4352K,  45% used [0x07680000, 0x0786c228, 0x07ac0000)
  to   space 4352K,   0% used [0x07240000, 0x07240000, 0x07680000)
 tenured generation   total 87424K, used 27358K [0x0faa0000, 0x15000000, 0x25000000)
   the space 87424K,  31% used [0x0faa0000, 0x11557908, 0x11557a00, 0x15000000)
 Metaspace       used 15592K, capacity 16008K, committed 16128K, reserved 16768K
}

