# JRE version: Java(TM) SE Runtime Environment (8.0_66-b17) (build 1.8.0_66-b17)
# Java VM: Java HotSpot(TM) Client VM (25.66-b17 mixed mode windows-x86 )
Heap:
 def new generation   total 39424K, used 6147K [0x05400000, 0x07ec0000, 0x0fea0000)
  eden space 35072K,  13% used [0x05400000, 0x0589b838, 0x07640000)
  from space 4352K,  32% used [0x07a80000, 0x07be57a8, 0x07ec0000)
  to   space 4352K,   0% used [0x07640000, 0x07640000, 0x07a80000)
 tenured generation   total 87424K, used 31586K [0x0fea0000, 0x15400000, 0x25400000)
   the space 87424K,  36% used [0x0fea0000, 0x11d78b30, 0x11d78c00, 0x15400000)
 Metaspace       used 16273K, capacity 16702K, committed 16768K, reserved 16768K
GC Heap History (10 events):
Event: 4.270 GC heap before
{Heap before GC invocations=3 (full 1):
 def new generation   total 39424K, used 28092K [0x05400000, 0x07ec0000, 0x0fea0000)
  eden space 35072K,  80% used [0x05400000, 0x06f6f300, 0x07640000)
  from space 4352K,   0% used [0x07640000, 0x07640000, 0x07a80000)
  to   space 4352K,   0% used [0x07a80000, 0x07a80000, 0x07ec0000)
 tenured generation   total 87424K, used 14725K [0x0fea0000, 0x15400000, 0x25400000)
   the space 87424K,  16% used [0x0fea0000, 0x10d01600, 0x10d01600, 0x15400000)
 Metaspace       used 15286K, capacity 15675K, committed 15744K, reserved 15744K
Event: 4.302 GC heap after
Heap after GC invocations=4 (full 1):
 def new generation   total 39424K, used 4352K [0x05400000, 0x07ec0000, 0x0fea0000)
  eden space 35072K,   0% used [0x05400000, 0x05400000, 0x07640000)
  from space 4352K, 100% used [0x07a80000, 0x07ec0000, 0x07ec0000)
  to   space 4352K,   0% used [0x07640000, 0x07640000, 0x07a80000)
 tenured generation   total 87424K, used 16404K [0x0fea0000, 0x15400000, 0x25400000)
   the space 87424K,  18% used [0x0fea0000, 0x10ea5110, 0x10ea5200, 0x15400000)
 Metaspace       used 15286K, capacity 15675K, committed 15744K, reserved 15744K
}
Event: 353.506 GC heap before
{Heap before GC invocations=4 (full 1):
 def new generation   total 39424K, used 39424K [0x05400000, 0x07ec0000, 0x0fea0000)
  eden space 35072K, 100% used [0x05400000, 0x07640000, 0x07640000)
  from space 4352K, 100% used [0x07a80000, 0x07ec0000, 0x07ec0000)
  to   space 4352K,   0% used [0x07640000, 0x07640000, 0x07a80000)
 tenured generation   total 87424K, used 16404K [0x0fea0000, 0x15400000, 0x25400000)
   the space 87424K,  18% used [0x0fea0000, 0x10ea5110, 0x10ea5200, 0x15400000)
 Metaspace       used 15860K, capacity 16256K, committed 16384K, reserved 16768K
Event: 353.552 GC heap after
Heap after GC invocations=5 (full 1):
 def new generation   total 39424K, used 3846K [0x05400000, 0x07ec0000, 0x0fea0000)
  eden space 35072K,   0% used [0x05400000, 0x05400000, 0x07640000)
  from space 4352K,  88% used [0x07640000, 0x07a01968, 0x07a80000)
  to   space 4352K,   0% used [0x07a80000, 0x07a80000, 0x07ec0000)
 tenured generation   total 87424K, used 27967K [0x0fea0000, 0x15400000, 0x25400000)
   the space 87424K,  31% used [0x0fea0000, 0x119efd18, 0x119efe00, 0x15400000)
 Metaspace       used 15860K, capacity 16256K, committed 16384K, reserved 16768K
}
Event: 1120.742 GC heap before
{Heap before GC invocations=5 (full 1):
 def new generation   total 39424K, used 38918K [0x05400000, 0x07ec0000, 0x0fea0000)
  eden space 35072K, 100% used [0x05400000, 0x07640000, 0x07640000)
  from space 4352K,  88% used [0x07640000, 0x07a01968, 0x07a80000)
  to   space 4352K,   0% used [0x07a80000, 0x07a80000, 0x07ec0000)
 tenured generation   total 87424K, used 27967K [0x0fea0000, 0x15400000, 0x25400000)
   the space 87424K,  31% used [0x0fea0000, 0x119efd18, 0x119efe00, 0x15400000)
 Metaspace       used 16082K, capacity 16483K, committed 16512K, reserved 16768K
Event: 1120.765 GC heap after
Heap after GC invocations=6 (full 1):
 def new generation   total 39424K, used 363K [0x05400000, 0x07ec0000, 0x0fea0000)
  eden space 35072K,   0% used [0x05400000, 0x05400000, 0x07640000)
  from space 4352K,   8% used [0x07a80000, 0x07adaf38, 0x07ec0000)
  to   space 4352K,   0% used [0x07640000, 0x07640000, 0x07a80000)
 tenured generation   total 87424K, used 31586K [0x0fea0000, 0x15400000, 0x25400000)
   the space 87424K,  36% used [0x0fea0000, 0x11d78b30, 0x11d78c00, 0x15400000)
 Metaspace       used 16082K, capacity 16483K, committed 16512K, reserved 16768K
}
Event: 1725.780 GC heap before
{Heap before GC invocations=6 (full 1):
 def new generation   total 39424K, used 35435K [0x05400000, 0x07ec0000, 0x0fea0000)
  eden space 35072K, 100% used [0x05400000, 0x07640000, 0x07640000)
  from space 4352K,   8% used [0x07a80000, 0x07adaf38, 0x07ec0000)
  to   space 4352K,   0% used [0x07640000, 0x07640000, 0x07a80000)
 tenured generation   total 87424K, used 31586K [0x0fea0000, 0x15400000, 0x25400000)
   the space 87424K,  36% used [0x0fea0000, 0x11d78b30, 0x11d78c00, 0x15400000)
 Metaspace       used 16102K, capacity 16515K, committed 16640K, reserved 16768K
Event: 1725.789 GC heap after
Heap after GC invocations=7 (full 1):
 def new generation   total 39424K, used 592K [0x05400000, 0x07ec0000, 0x0fea0000)
  eden space 35072K,   0% used [0x05400000, 0x05400000, 0x07640000)
  from space 4352K,  13% used [0x07640000, 0x076d42a0, 0x07a80000)
  to   space 4352K,   0% used [0x07a80000, 0x07a80000, 0x07ec0000)
 tenured generation   total 87424K, used 31586K [0x0fea0000, 0x15400000, 0x25400000)
   the space 87424K,  36% used [0x0fea0000, 0x11d78b30, 0x11d78c00, 0x15400000)
 Metaspace       used 16102K, capacity 16515K, committed 16640K, reserved 16768K
}
Event: 2817.721 GC heap before
{Heap before GC invocations=7 (full 1):
 def new generation   total 39424K, used 35664K [0x05400000, 0x07ec0000, 0x0fea0000)
  eden space 35072K, 100% used [0x05400000, 0x07640000, 0x07640000)
  from space 4352K,  13% used [0x07640000, 0x076d42a0, 0x07a80000)
  to   space 4352K,   0% used [0x07a80000, 0x07a80000, 0x07ec0000)
 tenured generation   total 87424K, used 31586K [0x0fea0000, 0x15400000, 0x25400000)
   the space 87424K,  36% used [0x0fea0000, 0x11d78b30, 0x11d78c00, 0x15400000)
 Metaspace       used 16262K, capacity 16670K, committed 16768K, reserved 16768K
Event: 2817.725 GC heap after
Heap after GC invocations=8 (full 1):
 def new generation   total 39424K, used 1429K [0x05400000, 0x07ec0000, 0x0fea0000)
  eden space 35072K,   0% used [0x05400000, 0x05400000, 0x07640000)
  from space 4352K,  32% used [0x07a80000, 0x07be57a8, 0x07ec0000)
  to   space 4352K,   0% used [0x07640000, 0x07640000, 0x07a80000)
 tenured generation   total 87424K, used 31586K [0x0fea0000, 0x15400000, 0x25400000)
   the space 87424K,  36% used [0x0fea0000, 0x11d78b30, 0x11d78c00, 0x15400000)
 Metaspace       used 16262K, capacity 16670K, committed 16768K, reserved 16768K
}

