# JRE version: Java(TM) SE Runtime Environment (8.0_66-b17) (build 1.8.0_66-b17)
# Java VM: Java HotSpot(TM) Client VM (25.66-b17 mixed mode windows-x86 )
Heap:
 def new generation   total 39424K, used 10179K [0x04800000, 0x072c0000, 0x0f2a0000)
  eden space 35072K,  28% used [0x04800000, 0x051ea6e0, 0x06a40000)
  from space 4352K,   0% used [0x06e80000, 0x06e86810, 0x072c0000)
  to   space 4352K,   0% used [0x06a40000, 0x06a40000, 0x06e80000)
 tenured generation   total 87424K, used 61450K [0x0f2a0000, 0x14800000, 0x24800000)
   the space 87424K,  70% used [0x0f2a0000, 0x12ea2990, 0x12ea2a00, 0x14800000)
 Metaspace       used 16570K, capacity 17010K, committed 17024K, reserved 17792K
GC Heap History (10 events):
Event: 5153.602 GC heap before
{Heap before GC invocations=927 (full 1):
 def new generation   total 39424K, used 35098K [0x04800000, 0x072c0000, 0x0f2a0000)
  eden space 35072K, 100% used [0x04800000, 0x06a40000, 0x06a40000)
  from space 4352K,   0% used [0x06a40000, 0x06a46830, 0x06e80000)
  to   space 4352K,   0% used [0x06e80000, 0x06e80000, 0x072c0000)
 tenured generation   total 87424K, used 61450K [0x0f2a0000, 0x14800000, 0x24800000)
   the space 87424K,  70% used [0x0f2a0000, 0x12ea2980, 0x12ea2a00, 0x14800000)
 Metaspace       used 16570K, capacity 17010K, committed 17024K, reserved 17792K
Event: 5153.604 GC heap after
Heap after GC invocations=928 (full 1):
 def new generation   total 39424K, used 26K [0x04800000, 0x072c0000, 0x0f2a0000)
  eden space 35072K,   0% used [0x04800000, 0x04800000, 0x06a40000)
  from space 4352K,   0% used [0x06e80000, 0x06e86830, 0x072c0000)
  to   space 4352K,   0% used [0x06a40000, 0x06a40000, 0x06e80000)
 tenured generation   total 87424K, used 61450K [0x0f2a0000, 0x14800000, 0x24800000)
   the space 87424K,  70% used [0x0f2a0000, 0x12ea2980, 0x12ea2a00, 0x14800000)
 Metaspace       used 16570K, capacity 17010K, committed 17024K, reserved 17792K
}
Event: 5156.562 GC heap before
{Heap before GC invocations=928 (full 1):
 def new generation   total 39424K, used 35098K [0x04800000, 0x072c0000, 0x0f2a0000)
  eden space 35072K, 100% used [0x04800000, 0x06a40000, 0x06a40000)
  from space 4352K,   0% used [0x06e80000, 0x06e86830, 0x072c0000)
  to   space 4352K,   0% used [0x06a40000, 0x06a40000, 0x06e80000)
 tenured generation   total 87424K, used 61450K [0x0f2a0000, 0x14800000, 0x24800000)
   the space 87424K,  70% used [0x0f2a0000, 0x12ea2980, 0x12ea2a00, 0x14800000)
 Metaspace       used 16570K, capacity 17010K, committed 17024K, reserved 17792K
Event: 5156.563 GC heap after
Heap after GC invocations=929 (full 1):
 def new generation   total 39424K, used 26K [0x04800000, 0x072c0000, 0x0f2a0000)
  eden space 35072K,   0% used [0x04800000, 0x04800000, 0x06a40000)
  from space 4352K,   0% used [0x06a40000, 0x06a46830, 0x06e80000)
  to   space 4352K,   0% used [0x06e80000, 0x06e80000, 0x072c0000)
 tenured generation   total 87424K, used 61450K [0x0f2a0000, 0x14800000, 0x24800000)
   the space 87424K,  70% used [0x0f2a0000, 0x12ea2980, 0x12ea2a00, 0x14800000)
 Metaspace       used 16570K, capacity 17010K, committed 17024K, reserved 17792K
}
Event: 5159.551 GC heap before
{Heap before GC invocations=929 (full 1):
 def new generation   total 39424K, used 35098K [0x04800000, 0x072c0000, 0x0f2a0000)
  eden space 35072K, 100% used [0x04800000, 0x06a40000, 0x06a40000)
  from space 4352K,   0% used [0x06a40000, 0x06a46830, 0x06e80000)
  to   space 4352K,   0% used [0x06e80000, 0x06e80000, 0x072c0000)
 tenured generation   total 87424K, used 61450K [0x0f2a0000, 0x14800000, 0x24800000)
   the space 87424K,  70% used [0x0f2a0000, 0x12ea2980, 0x12ea2a00, 0x14800000)
 Metaspace       used 16570K, capacity 17010K, committed 17024K, reserved 17792K
Event: 5159.552 GC heap after
Heap after GC invocations=930 (full 1):
 def new generation   total 39424K, used 26K [0x04800000, 0x072c0000, 0x0f2a0000)
  eden space 35072K,   0% used [0x04800000, 0x04800000, 0x06a40000)
  from space 4352K,   0% used [0x06e80000, 0x06e86820, 0x072c0000)
  to   space 4352K,   0% used [0x06a40000, 0x06a40000, 0x06e80000)
 tenured generation   total 87424K, used 61450K [0x0f2a0000, 0x14800000, 0x24800000)
   the space 87424K,  70% used [0x0f2a0000, 0x12ea2990, 0x12ea2a00, 0x14800000)
 Metaspace       used 16570K, capacity 17010K, committed 17024K, reserved 17792K
}
Event: 5162.536 GC heap before
{Heap before GC invocations=930 (full 1):
 def new generation   total 39424K, used 35098K [0x04800000, 0x072c0000, 0x0f2a0000)
  eden space 35072K, 100% used [0x04800000, 0x06a40000, 0x06a40000)
  from space 4352K,   0% used [0x06e80000, 0x06e86820, 0x072c0000)
  to   space 4352K,   0% used [0x06a40000, 0x06a40000, 0x06e80000)
 tenured generation   total 87424K, used 61450K [0x0f2a0000, 0x14800000, 0x24800000)
   the space 87424K,  70% used [0x0f2a0000, 0x12ea2990, 0x12ea2a00, 0x14800000)
 Metaspace       used 16570K, capacity 17010K, committed 17024K, reserved 17792K
Event: 5162.537 GC heap after
Heap after GC invocations=931 (full 1):
 def new generation   total 39424K, used 26K [0x04800000, 0x072c0000, 0x0f2a0000)
  eden space 35072K,   0% used [0x04800000, 0x04800000, 0x06a40000)
  from space 4352K,   0% used [0x06a40000, 0x06a46810, 0x06e80000)
  to   space 4352K,   0% used [0x06e80000, 0x06e80000, 0x072c0000)
 tenured generation   total 87424K, used 61450K [0x0f2a0000, 0x14800000, 0x24800000)
   the space 87424K,  70% used [0x0f2a0000, 0x12ea2990, 0x12ea2a00, 0x14800000)
 Metaspace       used 16570K, capacity 17010K, committed 17024K, reserved 17792K
}
Event: 5165.484 GC heap before
{Heap before GC invocations=931 (full 1):
 def new generation   total 39424K, used 35098K [0x04800000, 0x072c0000, 0x0f2a0000)
  eden space 35072K, 100% used [0x04800000, 0x06a40000, 0x06a40000)
  from space 4352K,   0% used [0x06a40000, 0x06a46810, 0x06e80000)
  to   space 4352K,   0% used [0x06e80000, 0x06e80000, 0x072c0000)
 tenured generation   total 87424K, used 61450K [0x0f2a0000, 0x14800000, 0x24800000)
   the space 87424K,  70% used [0x0f2a0000, 0x12ea2990, 0x12ea2a00, 0x14800000)
 Metaspace       used 16570K, capacity 17010K, committed 17024K, reserved 17792K
Event: 5165.485 GC heap after
Heap after GC invocations=932 (full 1):
 def new generation   total 39424K, used 26K [0x04800000, 0x072c0000, 0x0f2a0000)
  eden space 35072K,   0% used [0x04800000, 0x04800000, 0x06a40000)
  from space 4352K,   0% used [0x06e80000, 0x06e86810, 0x072c0000)
  to   space 4352K,   0% used [0x06a40000, 0x06a40000, 0x06e80000)
 tenured generation   total 87424K, used 61450K [0x0f2a0000, 0x14800000, 0x24800000)
   the space 87424K,  70% used [0x0f2a0000, 0x12ea2990, 0x12ea2a00, 0x14800000)
 Metaspace       used 16570K, capacity 17010K, committed 17024K, reserved 17792K
}

