# JRE version: Java(TM) SE Runtime Environment (8.0_66-b17) (build 1.8.0_66-b17)
# Java VM: Java HotSpot(TM) Client VM (25.66-b17 mixed mode windows-x86 )
Heap:
 def new generation   total 39424K, used 4289K [0x04800000, 0x072c0000, 0x0f2a0000)
  eden space 35072K,   6% used [0x04800000, 0x04a605f8, 0x06a40000)
  from space 4352K,  42% used [0x06e80000, 0x07050130, 0x072c0000)
  to   space 4352K,   0% used [0x06a40000, 0x06a40000, 0x06e80000)
 tenured generation   total 87424K, used 36377K [0x0f2a0000, 0x14800000, 0x24800000)
   the space 87424K,  41% used [0x0f2a0000, 0x11626718, 0x11626800, 0x14800000)
 Metaspace       used 16935K, capacity 17365K, committed 17408K, reserved 17792K
GC Heap History (10 events):
Event: 1626.727 GC heap before
{Heap before GC invocations=13 (full 1):
 def new generation   total 39424K, used 37025K [0x04800000, 0x072c0000, 0x0f2a0000)
  eden space 35072K, 100% used [0x04800000, 0x06a40000, 0x06a40000)
  from space 4352K,  44% used [0x06a40000, 0x06c284a8, 0x06e80000)
  to   space 4352K,   0% used [0x06e80000, 0x06e80000, 0x072c0000)
 tenured generation   total 87424K, used 36377K [0x0f2a0000, 0x14800000, 0x24800000)
   the space 87424K,  41% used [0x0f2a0000, 0x11626718, 0x11626800, 0x14800000)
 Metaspace       used 16933K, capacity 17362K, committed 17408K, reserved 17792K
Event: 1626.730 GC heap after
Heap after GC invocations=14 (full 1):
 def new generation   total 39424K, used 1126K [0x04800000, 0x072c0000, 0x0f2a0000)
  eden space 35072K,   0% used [0x04800000, 0x04800000, 0x06a40000)
  from space 4352K,  25% used [0x06e80000, 0x06f99b68, 0x072c0000)
  to   space 4352K,   0% used [0x06a40000, 0x06a40000, 0x06e80000)
 tenured generation   total 87424K, used 36377K [0x0f2a0000, 0x14800000, 0x24800000)
   the space 87424K,  41% used [0x0f2a0000, 0x11626718, 0x11626800, 0x14800000)
 Metaspace       used 16933K, capacity 17362K, committed 17408K, reserved 17792K
}
Event: 1973.573 GC heap before
{Heap before GC invocations=14 (full 1):
 def new generation   total 39424K, used 36198K [0x04800000, 0x072c0000, 0x0f2a0000)
  eden space 35072K, 100% used [0x04800000, 0x06a40000, 0x06a40000)
  from space 4352K,  25% used [0x06e80000, 0x06f99b68, 0x072c0000)
  to   space 4352K,   0% used [0x06a40000, 0x06a40000, 0x06e80000)
 tenured generation   total 87424K, used 36377K [0x0f2a0000, 0x14800000, 0x24800000)
   the space 87424K,  41% used [0x0f2a0000, 0x11626718, 0x11626800, 0x14800000)
 Metaspace       used 16934K, capacity 17362K, committed 17408K, reserved 17792K
Event: 1973.579 GC heap after
Heap after GC invocations=15 (full 1):
 def new generation   total 39424K, used 1121K [0x04800000, 0x072c0000, 0x0f2a0000)
  eden space 35072K,   0% used [0x04800000, 0x04800000, 0x06a40000)
  from space 4352K,  25% used [0x06a40000, 0x06b58760, 0x06e80000)
  to   space 4352K,   0% used [0x06e80000, 0x06e80000, 0x072c0000)
 tenured generation   total 87424K, used 36377K [0x0f2a0000, 0x14800000, 0x24800000)
   the space 87424K,  41% used [0x0f2a0000, 0x11626718, 0x11626800, 0x14800000)
 Metaspace       used 16934K, capacity 17362K, committed 17408K, reserved 17792K
}
Event: 2326.120 GC heap before
{Heap before GC invocations=15 (full 1):
 def new generation   total 39424K, used 36193K [0x04800000, 0x072c0000, 0x0f2a0000)
  eden space 35072K, 100% used [0x04800000, 0x06a40000, 0x06a40000)
  from space 4352K,  25% used [0x06a40000, 0x06b58760, 0x06e80000)
  to   space 4352K,   0% used [0x06e80000, 0x06e80000, 0x072c0000)
 tenured generation   total 87424K, used 36377K [0x0f2a0000, 0x14800000, 0x24800000)
   the space 87424K,  41% used [0x0f2a0000, 0x11626718, 0x11626800, 0x14800000)
 Metaspace       used 16934K, capacity 17362K, committed 17408K, reserved 17792K
Event: 2326.123 GC heap after
Heap after GC invocations=16 (full 1):
 def new generation   total 39424K, used 1141K [0x04800000, 0x072c0000, 0x0f2a0000)
  eden space 35072K,   0% used [0x04800000, 0x04800000, 0x06a40000)
  from space 4352K,  26% used [0x06e80000, 0x06f9d4b8, 0x072c0000)
  to   space 4352K,   0% used [0x06a40000, 0x06a40000, 0x06e80000)
 tenured generation   total 87424K, used 36377K [0x0f2a0000, 0x14800000, 0x24800000)
   the space 87424K,  41% used [0x0f2a0000, 0x11626718, 0x11626800, 0x14800000)
 Metaspace       used 16934K, capacity 17362K, committed 17408K, reserved 17792K
}
Event: 2680.121 GC heap before
{Heap before GC invocations=16 (full 1):
 def new generation   total 39424K, used 36213K [0x04800000, 0x072c0000, 0x0f2a0000)
  eden space 35072K, 100% used [0x04800000, 0x06a40000, 0x06a40000)
  from space 4352K,  26% used [0x06e80000, 0x06f9d4b8, 0x072c0000)
  to   space 4352K,   0% used [0x06a40000, 0x06a40000, 0x06e80000)
 tenured generation   total 87424K, used 36377K [0x0f2a0000, 0x14800000, 0x24800000)
   the space 87424K,  41% used [0x0f2a0000, 0x11626718, 0x11626800, 0x14800000)
 Metaspace       used 16934K, capacity 17362K, committed 17408K, reserved 17792K
Event: 2680.123 GC heap after
Heap after GC invocations=17 (full 1):
 def new generation   total 39424K, used 1138K [0x04800000, 0x072c0000, 0x0f2a0000)
  eden space 35072K,   0% used [0x04800000, 0x04800000, 0x06a40000)
  from space 4352K,  26% used [0x06a40000, 0x06b5cbb8, 0x06e80000)
  to   space 4352K,   0% used [0x06e80000, 0x06e80000, 0x072c0000)
 tenured generation   total 87424K, used 36377K [0x0f2a0000, 0x14800000, 0x24800000)
   the space 87424K,  41% used [0x0f2a0000, 0x11626718, 0x11626800, 0x14800000)
 Metaspace       used 16934K, capacity 17362K, committed 17408K, reserved 17792K
}
Event: 2999.765 GC heap before
{Heap before GC invocations=17 (full 1):
 def new generation   total 39424K, used 36210K [0x04800000, 0x072c0000, 0x0f2a0000)
  eden space 35072K, 100% used [0x04800000, 0x06a40000, 0x06a40000)
  from space 4352K,  26% used [0x06a40000, 0x06b5cbb8, 0x06e80000)
  to   space 4352K,   0% used [0x06e80000, 0x06e80000, 0x072c0000)
 tenured generation   total 87424K, used 36377K [0x0f2a0000, 0x14800000, 0x24800000)
   the space 87424K,  41% used [0x0f2a0000, 0x11626718, 0x11626800, 0x14800000)
 Metaspace       used 16935K, capacity 17365K, committed 17408K, reserved 17792K
Event: 2999.769 GC heap after
Heap after GC invocations=18 (full 1):
 def new generation   total 39424K, used 1856K [0x04800000, 0x072c0000, 0x0f2a0000)
  eden space 35072K,   0% used [0x04800000, 0x04800000, 0x06a40000)
  from space 4352K,  42% used [0x06e80000, 0x07050130, 0x072c0000)
  to   space 4352K,   0% used [0x06a40000, 0x06a40000, 0x06e80000)
 tenured generation   total 87424K, used 36377K [0x0f2a0000, 0x14800000, 0x24800000)
   the space 87424K,  41% used [0x0f2a0000, 0x11626718, 0x11626800, 0x14800000)
 Metaspace       used 16935K, capacity 17365K, committed 17408K, reserved 17792K
}

