# JRE version: Java(TM) SE Runtime Environment (8.0_66-b17) (build 1.8.0_66-b17)
# Java VM: Java HotSpot(TM) Client VM (25.66-b17 mixed mode windows-x86 )
Heap:
 def new generation   total 39424K, used 20919K [0x05000000, 0x07ac0000, 0x0faa0000)
  eden space 35072K,  55% used [0x05000000, 0x063069a0, 0x07240000)
  from space 4352K,  33% used [0x07680000, 0x077e7510, 0x07ac0000)
  to   space 4352K,   0% used [0x07240000, 0x07240000, 0x07680000)
 tenured generation   total 87424K, used 40417K [0x0faa0000, 0x15000000, 0x25000000)
   the space 87424K,  46% used [0x0faa0000, 0x12218658, 0x12218800, 0x15000000)
 Metaspace       used 16530K, capacity 16963K, committed 17024K, reserved 17792K
GC Heap History (10 events):
Event: 284.536 GC heap before
{Heap before GC invocations=47 (full 1):
 def new generation   total 39424K, used 35082K [0x05000000, 0x07ac0000, 0x0faa0000)
  eden space 35072K, 100% used [0x05000000, 0x07240000, 0x07240000)
  from space 4352K,   0% used [0x07240000, 0x07242950, 0x07680000)
  to   space 4352K,   0% used [0x07680000, 0x07680000, 0x07ac0000)
 tenured generation   total 87424K, used 32535K [0x0faa0000, 0x15000000, 0x25000000)
   the space 87424K,  37% used [0x0faa0000, 0x11a65c48, 0x11a65e00, 0x15000000)
 Metaspace       used 16510K, capacity 16929K, committed 17024K, reserved 17792K
Event: 284.537 GC heap after
Heap after GC invocations=48 (full 1):
 def new generation   total 39424K, used 10K [0x05000000, 0x07ac0000, 0x0faa0000)
  eden space 35072K,   0% used [0x05000000, 0x05000000, 0x07240000)
  from space 4352K,   0% used [0x07680000, 0x07682950, 0x07ac0000)
  to   space 4352K,   0% used [0x07240000, 0x07240000, 0x07680000)
 tenured generation   total 87424K, used 32535K [0x0faa0000, 0x15000000, 0x25000000)
   the space 87424K,  37% used [0x0faa0000, 0x11a65c48, 0x11a65e00, 0x15000000)
 Metaspace       used 16510K, capacity 16929K, committed 17024K, reserved 17792K
}
Event: 287.834 GC heap before
{Heap before GC invocations=48 (full 1):
 def new generation   total 39424K, used 35082K [0x05000000, 0x07ac0000, 0x0faa0000)
  eden space 35072K, 100% used [0x05000000, 0x07240000, 0x07240000)
  from space 4352K,   0% used [0x07680000, 0x07682950, 0x07ac0000)
  to   space 4352K,   0% used [0x07240000, 0x07240000, 0x07680000)
 tenured generation   total 87424K, used 32535K [0x0faa0000, 0x15000000, 0x25000000)
   the space 87424K,  37% used [0x0faa0000, 0x11a65c48, 0x11a65e00, 0x15000000)
 Metaspace       used 16510K, capacity 16929K, committed 17024K, reserved 17792K
Event: 287.835 GC heap after
Heap after GC invocations=49 (full 1):
 def new generation   total 39424K, used 10K [0x05000000, 0x07ac0000, 0x0faa0000)
  eden space 35072K,   0% used [0x05000000, 0x05000000, 0x07240000)
  from space 4352K,   0% used [0x07240000, 0x07242940, 0x07680000)
  to   space 4352K,   0% used [0x07680000, 0x07680000, 0x07ac0000)
 tenured generation   total 87424K, used 32535K [0x0faa0000, 0x15000000, 0x25000000)
   the space 87424K,  37% used [0x0faa0000, 0x11a65c48, 0x11a65e00, 0x15000000)
 Metaspace       used 16510K, capacity 16929K, committed 17024K, reserved 17792K
}
Event: 291.123 GC heap before
{Heap before GC invocations=49 (full 1):
 def new generation   total 39424K, used 35082K [0x05000000, 0x07ac0000, 0x0faa0000)
  eden space 35072K, 100% used [0x05000000, 0x07240000, 0x07240000)
  from space 4352K,   0% used [0x07240000, 0x07242940, 0x07680000)
  to   space 4352K,   0% used [0x07680000, 0x07680000, 0x07ac0000)
 tenured generation   total 87424K, used 32535K [0x0faa0000, 0x15000000, 0x25000000)
   the space 87424K,  37% used [0x0faa0000, 0x11a65c48, 0x11a65e00, 0x15000000)
 Metaspace       used 16510K, capacity 16929K, committed 17024K, reserved 17792K
Event: 291.124 GC heap after
Heap after GC invocations=50 (full 1):
 def new generation   total 39424K, used 10K [0x05000000, 0x07ac0000, 0x0faa0000)
  eden space 35072K,   0% used [0x05000000, 0x05000000, 0x07240000)
  from space 4352K,   0% used [0x07680000, 0x07682950, 0x07ac0000)
  to   space 4352K,   0% used [0x07240000, 0x07240000, 0x07680000)
 tenured generation   total 87424K, used 32535K [0x0faa0000, 0x15000000, 0x25000000)
   the space 87424K,  37% used [0x0faa0000, 0x11a65c48, 0x11a65e00, 0x15000000)
 Metaspace       used 16510K, capacity 16929K, committed 17024K, reserved 17792K
}
Event: 337.161 GC heap before
{Heap before GC invocations=50 (full 1):
 def new generation   total 39424K, used 35082K [0x05000000, 0x07ac0000, 0x0faa0000)
  eden space 35072K, 100% used [0x05000000, 0x07240000, 0x07240000)
  from space 4352K,   0% used [0x07680000, 0x07682950, 0x07ac0000)
  to   space 4352K,   0% used [0x07240000, 0x07240000, 0x07680000)
 tenured generation   total 87424K, used 32535K [0x0faa0000, 0x15000000, 0x25000000)
   the space 87424K,  37% used [0x0faa0000, 0x11a65c48, 0x11a65e00, 0x15000000)
 Metaspace       used 16510K, capacity 16929K, committed 17024K, reserved 17792K
Event: 337.167 GC heap after
Heap after GC invocations=51 (full 1):
 def new generation   total 39424K, used 130K [0x05000000, 0x07ac0000, 0x0faa0000)
  eden space 35072K,   0% used [0x05000000, 0x05000000, 0x07240000)
  from space 4352K,   3% used [0x07240000, 0x07260ae0, 0x07680000)
  to   space 4352K,   0% used [0x07680000, 0x07680000, 0x07ac0000)
 tenured generation   total 87424K, used 32535K [0x0faa0000, 0x15000000, 0x25000000)
   the space 87424K,  37% used [0x0faa0000, 0x11a65c48, 0x11a65e00, 0x15000000)
 Metaspace       used 16510K, capacity 16929K, committed 17024K, reserved 17792K
}
Event: 2609.977 GC heap before
{Heap before GC invocations=51 (full 1):
 def new generation   total 39424K, used 35202K [0x05000000, 0x07ac0000, 0x0faa0000)
  eden space 35072K, 100% used [0x05000000, 0x07240000, 0x07240000)
  from space 4352K,   3% used [0x07240000, 0x07260ae0, 0x07680000)
  to   space 4352K,   0% used [0x07680000, 0x07680000, 0x07ac0000)
 tenured generation   total 87424K, used 32535K [0x0faa0000, 0x15000000, 0x25000000)
   the space 87424K,  37% used [0x0faa0000, 0x11a65c48, 0x11a65e00, 0x15000000)
 Metaspace       used 16519K, capacity 16963K, committed 17024K, reserved 17792K
Event: 2609.983 GC heap after
Heap after GC invocations=52 (full 1):
 def new generation   total 39424K, used 1437K [0x05000000, 0x07ac0000, 0x0faa0000)
  eden space 35072K,   0% used [0x05000000, 0x05000000, 0x07240000)
  from space 4352K,  33% used [0x07680000, 0x077e7510, 0x07ac0000)
  to   space 4352K,   0% used [0x07240000, 0x07240000, 0x07680000)
 tenured generation   total 87424K, used 40417K [0x0faa0000, 0x15000000, 0x25000000)
   the space 87424K,  46% used [0x0faa0000, 0x12218658, 0x12218800, 0x15000000)
 Metaspace       used 16519K, capacity 16963K, committed 17024K, reserved 17792K
}

