# JRE version: Java(TM) SE Runtime Environment (8.0_66-b17) (build 1.8.0_66-b17)
# Java VM: Java HotSpot(TM) Client VM (25.66-b17 mixed mode windows-x86 )
Heap:
 def new generation   total 39424K, used 16827K [0x04c00000, 0x076c0000, 0x0f6a0000)
  eden space 35072K,  42% used [0x04c00000, 0x05ab0968, 0x06e40000)
  from space 4352K,  41% used [0x07280000, 0x0743e630, 0x076c0000)
  to   space 4352K,   0% used [0x06e40000, 0x06e40000, 0x07280000)
 tenured generation   total 87424K, used 30519K [0x0f6a0000, 0x14c00000, 0x24c00000)
   the space 87424K,  34% used [0x0f6a0000, 0x1146de20, 0x1146e000, 0x14c00000)
 Metaspace       used 16332K, capacity 16771K, committed 16896K, reserved 17792K
GC Heap History (10 events):
Event: 403.954 GC heap before
{Heap before GC invocations=5 (full 1):
 def new generation   total 39424K, used 37455K [0x04c00000, 0x076c0000, 0x0f6a0000)
  eden space 35072K, 100% used [0x04c00000, 0x06e40000, 0x06e40000)
  from space 4352K,  54% used [0x06e40000, 0x07093d70, 0x07280000)
  to   space 4352K,   0% used [0x07280000, 0x07280000, 0x076c0000)
 tenured generation   total 87424K, used 27683K [0x0f6a0000, 0x14c00000, 0x24c00000)
   the space 87424K,  31% used [0x0f6a0000, 0x111a8f68, 0x111a9000, 0x14c00000)
 Metaspace       used 15948K, capacity 16355K, committed 16384K, reserved 16768K
Event: 403.975 GC heap after
Heap after GC invocations=6 (full 1):
 def new generation   total 39424K, used 1949K [0x04c00000, 0x076c0000, 0x0f6a0000)
  eden space 35072K,   0% used [0x04c00000, 0x04c00000, 0x06e40000)
  from space 4352K,  44% used [0x07280000, 0x074675a8, 0x076c0000)
  to   space 4352K,   0% used [0x06e40000, 0x06e40000, 0x07280000)
 tenured generation   total 87424K, used 29451K [0x0f6a0000, 0x14c00000, 0x24c00000)
   the space 87424K,  33% used [0x0f6a0000, 0x11362dc8, 0x11362e00, 0x14c00000)
 Metaspace       used 15948K, capacity 16355K, committed 16384K, reserved 16768K
}
Event: 837.105 GC heap before
{Heap before GC invocations=6 (full 1):
 def new generation   total 39424K, used 37021K [0x04c00000, 0x076c0000, 0x0f6a0000)
  eden space 35072K, 100% used [0x04c00000, 0x06e40000, 0x06e40000)
  from space 4352K,  44% used [0x07280000, 0x074675a8, 0x076c0000)
  to   space 4352K,   0% used [0x06e40000, 0x06e40000, 0x07280000)
 tenured generation   total 87424K, used 29451K [0x0f6a0000, 0x14c00000, 0x24c00000)
   the space 87424K,  33% used [0x0f6a0000, 0x11362dc8, 0x11362e00, 0x14c00000)
 Metaspace       used 16121K, capacity 16517K, committed 16640K, reserved 16768K
Event: 837.116 GC heap after
Heap after GC invocations=7 (full 1):
 def new generation   total 39424K, used 2139K [0x04c00000, 0x076c0000, 0x0f6a0000)
  eden space 35072K,   0% used [0x04c00000, 0x04c00000, 0x06e40000)
  from space 4352K,  49% used [0x06e40000, 0x07056cf8, 0x07280000)
  to   space 4352K,   0% used [0x07280000, 0x07280000, 0x076c0000)
 tenured generation   total 87424K, used 29451K [0x0f6a0000, 0x14c00000, 0x24c00000)
   the space 87424K,  33% used [0x0f6a0000, 0x11362dc8, 0x11362e00, 0x14c00000)
 Metaspace       used 16121K, capacity 16517K, committed 16640K, reserved 16768K
}
Event: 1667.203 GC heap before
{Heap before GC invocations=7 (full 1):
 def new generation   total 39424K, used 37211K [0x04c00000, 0x076c0000, 0x0f6a0000)
  eden space 35072K, 100% used [0x04c00000, 0x06e40000, 0x06e40000)
  from space 4352K,  49% used [0x06e40000, 0x07056cf8, 0x07280000)
  to   space 4352K,   0% used [0x07280000, 0x07280000, 0x076c0000)
 tenured generation   total 87424K, used 29451K [0x0f6a0000, 0x14c00000, 0x24c00000)
   the space 87424K,  33% used [0x0f6a0000, 0x11362dc8, 0x11362e00, 0x14c00000)
 Metaspace       used 16309K, capacity 16737K, committed 16768K, reserved 16768K
Event: 1667.209 GC heap after
Heap after GC invocations=8 (full 1):
 def new generation   total 39424K, used 2831K [0x04c00000, 0x076c0000, 0x0f6a0000)
  eden space 35072K,   0% used [0x04c00000, 0x04c00000, 0x06e40000)
  from space 4352K,  65% used [0x07280000, 0x07543d00, 0x076c0000)
  to   space 4352K,   0% used [0x06e40000, 0x06e40000, 0x07280000)
 tenured generation   total 87424K, used 29451K [0x0f6a0000, 0x14c00000, 0x24c00000)
   the space 87424K,  33% used [0x0f6a0000, 0x11362dc8, 0x11362e00, 0x14c00000)
 Metaspace       used 16309K, capacity 16737K, committed 16768K, reserved 16768K
}
Event: 4399.403 GC heap before
{Heap before GC invocations=8 (full 1):
 def new generation   total 39424K, used 37903K [0x04c00000, 0x076c0000, 0x0f6a0000)
  eden space 35072K, 100% used [0x04c00000, 0x06e40000, 0x06e40000)
  from space 4352K,  65% used [0x07280000, 0x07543d00, 0x076c0000)
  to   space 4352K,   0% used [0x06e40000, 0x06e40000, 0x07280000)
 tenured generation   total 87424K, used 29451K [0x0f6a0000, 0x14c00000, 0x24c00000)
   the space 87424K,  33% used [0x0f6a0000, 0x11362dc8, 0x11362e00, 0x14c00000)
 Metaspace       used 16315K, capacity 16739K, committed 16768K, reserved 16768K
Event: 4399.408 GC heap after
Heap after GC invocations=9 (full 1):
 def new generation   total 39424K, used 1792K [0x04c00000, 0x076c0000, 0x0f6a0000)
  eden space 35072K,   0% used [0x04c00000, 0x04c00000, 0x06e40000)
  from space 4352K,  41% used [0x06e40000, 0x070001e0, 0x07280000)
  to   space 4352K,   0% used [0x07280000, 0x07280000, 0x076c0000)
 tenured generation   total 87424K, used 30519K [0x0f6a0000, 0x14c00000, 0x24c00000)
   the space 87424K,  34% used [0x0f6a0000, 0x1146de20, 0x1146e000, 0x14c00000)
 Metaspace       used 16315K, capacity 16739K, committed 16768K, reserved 16768K
}
Event: 6801.883 GC heap before
{Heap before GC invocations=9 (full 1):
 def new generation   total 39424K, used 36864K [0x04c00000, 0x076c0000, 0x0f6a0000)
  eden space 35072K, 100% used [0x04c00000, 0x06e40000, 0x06e40000)
  from space 4352K,  41% used [0x06e40000, 0x070001e0, 0x07280000)
  to   space 4352K,   0% used [0x07280000, 0x07280000, 0x076c0000)
 tenured generation   total 87424K, used 30519K [0x0f6a0000, 0x14c00000, 0x24c00000)
   the space 87424K,  34% used [0x0f6a0000, 0x1146de20, 0x1146e000, 0x14c00000)
 Metaspace       used 16316K, capacity 16739K, committed 16768K, reserved 16768K
Event: 6801.886 GC heap after
Heap after GC invocations=10 (full 1):
 def new generation   total 39424K, used 1785K [0x04c00000, 0x076c0000, 0x0f6a0000)
  eden space 35072K,   0% used [0x04c00000, 0x04c00000, 0x06e40000)
  from space 4352K,  41% used [0x07280000, 0x0743e630, 0x076c0000)
  to   space 4352K,   0% used [0x06e40000, 0x06e40000, 0x07280000)
 tenured generation   total 87424K, used 30519K [0x0f6a0000, 0x14c00000, 0x24c00000)
   the space 87424K,  34% used [0x0f6a0000, 0x1146de20, 0x1146e000, 0x14c00000)
 Metaspace       used 16316K, capacity 16739K, committed 16768K, reserved 16768K
}

