# JRE version: Java(TM) SE Runtime Environment (8.0_66-b17) (build 1.8.0_66-b17)
# Java VM: Java HotSpot(TM) Client VM (25.66-b17 mixed mode windows-x86 )
Heap:
 def new generation   total 39424K, used 31054K [0x04400000, 0x06ec0000, 0x0eea0000)
  eden space 35072K,  84% used [0x04400000, 0x060ecd88, 0x06640000)
  from space 4352K,  32% used [0x06640000, 0x067a6c28, 0x06a80000)
  to   space 4352K,   0% used [0x06a80000, 0x06a80000, 0x06ec0000)
 tenured generation   total 87424K, used 29908K [0x0eea0000, 0x14400000, 0x24400000)
   the space 87424K,  34% used [0x0eea0000, 0x10bd52c0, 0x10bd5400, 0x14400000)
 Metaspace       used 16166K, capacity 16589K, committed 16640K, reserved 16768K
GC Heap History (10 events):
Event: 1092.438 GC heap before
{Heap before GC invocations=6 (full 1):
 def new generation   total 39424K, used 36634K [0x04400000, 0x06ec0000, 0x0eea0000)
  eden space 35072K, 100% used [0x04400000, 0x06640000, 0x06640000)
  from space 4352K,  35% used [0x06a80000, 0x06c06920, 0x06ec0000)
  to   space 4352K,   0% used [0x06640000, 0x06640000, 0x06a80000)
 tenured generation   total 87424K, used 29908K [0x0eea0000, 0x14400000, 0x24400000)
   the space 87424K,  34% used [0x0eea0000, 0x10bd52c0, 0x10bd5400, 0x14400000)
 Metaspace       used 16159K, capacity 16584K, committed 16640K, reserved 16768K
Event: 1092.446 GC heap after
Heap after GC invocations=7 (full 1):
 def new generation   total 39424K, used 1435K [0x04400000, 0x06ec0000, 0x0eea0000)
  eden space 35072K,   0% used [0x04400000, 0x04400000, 0x06640000)
  from space 4352K,  32% used [0x06640000, 0x067a6f28, 0x06a80000)
  to   space 4352K,   0% used [0x06a80000, 0x06a80000, 0x06ec0000)
 tenured generation   total 87424K, used 29908K [0x0eea0000, 0x14400000, 0x24400000)
   the space 87424K,  34% used [0x0eea0000, 0x10bd52c0, 0x10bd5400, 0x14400000)
 Metaspace       used 16159K, capacity 16584K, committed 16640K, reserved 16768K
}
Event: 1482.497 GC heap before
{Heap before GC invocations=7 (full 1):
 def new generation   total 39424K, used 36507K [0x04400000, 0x06ec0000, 0x0eea0000)
  eden space 35072K, 100% used [0x04400000, 0x06640000, 0x06640000)
  from space 4352K,  32% used [0x06640000, 0x067a6f28, 0x06a80000)
  to   space 4352K,   0% used [0x06a80000, 0x06a80000, 0x06ec0000)
 tenured generation   total 87424K, used 29908K [0x0eea0000, 0x14400000, 0x24400000)
   the space 87424K,  34% used [0x0eea0000, 0x10bd52c0, 0x10bd5400, 0x14400000)
 Metaspace       used 16166K, capacity 16589K, committed 16640K, reserved 16768K
Event: 1482.506 GC heap after
Heap after GC invocations=8 (full 1):
 def new generation   total 39424K, used 1363K [0x04400000, 0x06ec0000, 0x0eea0000)
  eden space 35072K,   0% used [0x04400000, 0x04400000, 0x06640000)
  from space 4352K,  31% used [0x06a80000, 0x06bd4fb8, 0x06ec0000)
  to   space 4352K,   0% used [0x06640000, 0x06640000, 0x06a80000)
 tenured generation   total 87424K, used 29908K [0x0eea0000, 0x14400000, 0x24400000)
   the space 87424K,  34% used [0x0eea0000, 0x10bd52c0, 0x10bd5400, 0x14400000)
 Metaspace       used 16166K, capacity 16589K, committed 16640K, reserved 16768K
}
Event: 1890.558 GC heap before
{Heap before GC invocations=8 (full 1):
 def new generation   total 39424K, used 36435K [0x04400000, 0x06ec0000, 0x0eea0000)
  eden space 35072K, 100% used [0x04400000, 0x06640000, 0x06640000)
  from space 4352K,  31% used [0x06a80000, 0x06bd4fb8, 0x06ec0000)
  to   space 4352K,   0% used [0x06640000, 0x06640000, 0x06a80000)
 tenured generation   total 87424K, used 29908K [0x0eea0000, 0x14400000, 0x24400000)
   the space 87424K,  34% used [0x0eea0000, 0x10bd52c0, 0x10bd5400, 0x14400000)
 Metaspace       used 16166K, capacity 16589K, committed 16640K, reserved 16768K
Event: 1890.563 GC heap after
Heap after GC invocations=9 (full 1):
 def new generation   total 39424K, used 1527K [0x04400000, 0x06ec0000, 0x0eea0000)
  eden space 35072K,   0% used [0x04400000, 0x04400000, 0x06640000)
  from space 4352K,  35% used [0x06640000, 0x067bdd50, 0x06a80000)
  to   space 4352K,   0% used [0x06a80000, 0x06a80000, 0x06ec0000)
 tenured generation   total 87424K, used 29908K [0x0eea0000, 0x14400000, 0x24400000)
   the space 87424K,  34% used [0x0eea0000, 0x10bd52c0, 0x10bd5400, 0x14400000)
 Metaspace       used 16166K, capacity 16589K, committed 16640K, reserved 16768K
}
Event: 2325.634 GC heap before
{Heap before GC invocations=9 (full 1):
 def new generation   total 39424K, used 36599K [0x04400000, 0x06ec0000, 0x0eea0000)
  eden space 35072K, 100% used [0x04400000, 0x06640000, 0x06640000)
  from space 4352K,  35% used [0x06640000, 0x067bdd50, 0x06a80000)
  to   space 4352K,   0% used [0x06a80000, 0x06a80000, 0x06ec0000)
 tenured generation   total 87424K, used 29908K [0x0eea0000, 0x14400000, 0x24400000)
   the space 87424K,  34% used [0x0eea0000, 0x10bd52c0, 0x10bd5400, 0x14400000)
 Metaspace       used 16166K, capacity 16589K, committed 16640K, reserved 16768K
Event: 2325.642 GC heap after
Heap after GC invocations=10 (full 1):
 def new generation   total 39424K, used 1478K [0x04400000, 0x06ec0000, 0x0eea0000)
  eden space 35072K,   0% used [0x04400000, 0x04400000, 0x06640000)
  from space 4352K,  33% used [0x06a80000, 0x06bf19d0, 0x06ec0000)
  to   space 4352K,   0% used [0x06640000, 0x06640000, 0x06a80000)
 tenured generation   total 87424K, used 29908K [0x0eea0000, 0x14400000, 0x24400000)
   the space 87424K,  34% used [0x0eea0000, 0x10bd52c0, 0x10bd5400, 0x14400000)
 Metaspace       used 16166K, capacity 16589K, committed 16640K, reserved 16768K
}
Event: 2750.078 GC heap before
{Heap before GC invocations=10 (full 1):
 def new generation   total 39424K, used 36550K [0x04400000, 0x06ec0000, 0x0eea0000)
  eden space 35072K, 100% used [0x04400000, 0x06640000, 0x06640000)
  from space 4352K,  33% used [0x06a80000, 0x06bf19d0, 0x06ec0000)
  to   space 4352K,   0% used [0x06640000, 0x06640000, 0x06a80000)
 tenured generation   total 87424K, used 29908K [0x0eea0000, 0x14400000, 0x24400000)
   the space 87424K,  34% used [0x0eea0000, 0x10bd52c0, 0x10bd5400, 0x14400000)
 Metaspace       used 16166K, capacity 16589K, committed 16640K, reserved 16768K
Event: 2750.081 GC heap after
Heap after GC invocations=11 (full 1):
 def new generation   total 39424K, used 1435K [0x04400000, 0x06ec0000, 0x0eea0000)
  eden space 35072K,   0% used [0x04400000, 0x04400000, 0x06640000)
  from space 4352K,  32% used [0x06640000, 0x067a6c28, 0x06a80000)
  to   space 4352K,   0% used [0x06a80000, 0x06a80000, 0x06ec0000)
 tenured generation   total 87424K, used 29908K [0x0eea0000, 0x14400000, 0x24400000)
   the space 87424K,  34% used [0x0eea0000, 0x10bd52c0, 0x10bd5400, 0x14400000)
 Metaspace       used 16166K, capacity 16589K, committed 16640K, reserved 16768K
}

